app/build/intermediates/manifest_merge_blame_file/debug/manifest-merger-blame-debug-report.txt
1<?xml version="1.0" encoding="utf-8"?>
2<manifest xmlns:android="http://schemas.android.com/apk/res/android"
3    package="github.w3apps.com.qrcode"
4    android:versionCode="1"
5    android:versionName="1.0" >
6
7    <uses-sdk
8        android:minSdkVersion="21"
9        android:targetSdkVersion="34" />
10
11    <uses-permission android:name="android.permission.ACCESS_NETWORK_STATE" />
11-->src\main\AndroidManifest.xml:6:5-79
11-->src\main\AndroidManifest.xml:6:22-76
12    <uses-permission android:name="android.permission.INTERNET" />
12-->src\main\AndroidManifest.xml:7:5-67
12-->src\main\AndroidManifest.xml:7:22-64
13    <uses-permission android:name="android.permission.WRITE_EXTERNAL_STORAGE" />
13-->src\main\AndroidManifest.xml:8:5-81
13-->src\main\AndroidManifest.xml:8:22-78
14    <uses-permission android:name="android.permission.VIBRATE" />
14-->src\main\AndroidManifest.xml:9:5-66
14-->src\main\AndroidManifest.xml:9:22-63
15    <uses-permission android:name="android.permission.CAMERA" /> <!-- Don't require camera, as this requires a rear camera. This allows it to work on the Nexus 7 -->
15-->[com.journeyapps:zxing-android-embedded:3.6.0] AndroidManifest.xml:22:5-65
15-->[com.journeyapps:zxing-android-embedded:3.6.0] AndroidManifest.xml:22:22-62
16    <uses-feature
16-->[com.journeyapps:zxing-android-embedded:3.6.0] AndroidManifest.xml:25:5-27:36
17        android:name="android.hardware.camera"
17-->[com.journeyapps:zxing-android-embedded:3.6.0] AndroidManifest.xml:26:9-47
18        android:required="false" />
18-->[com.journeyapps:zxing-android-embedded:3.6.0] AndroidManifest.xml:27:9-33
19    <uses-feature
19-->[com.journeyapps:zxing-android-embedded:3.6.0] AndroidManifest.xml:28:5-30:36
20        android:name="android.hardware.camera.front"
20-->[com.journeyapps:zxing-android-embedded:3.6.0] AndroidManifest.xml:29:9-53
21        android:required="false" /> <!-- TODO replace above two with next line after Android 4.2 -->
21-->[com.journeyapps:zxing-android-embedded:3.6.0] AndroidManifest.xml:30:9-33
22    <!-- <uses-feature android:name="android.hardware.camera.any"/> -->
23    <uses-feature
23-->[com.journeyapps:zxing-android-embedded:3.6.0] AndroidManifest.xml:33:5-35:36
24        android:name="android.hardware.camera.autofocus"
24-->[com.journeyapps:zxing-android-embedded:3.6.0] AndroidManifest.xml:34:9-57
25        android:required="false" />
25-->[com.journeyapps:zxing-android-embedded:3.6.0] AndroidManifest.xml:35:9-33
26    <uses-feature
26-->[com.journeyapps:zxing-android-embedded:3.6.0] AndroidManifest.xml:36:5-38:36
27        android:name="android.hardware.camera.flash"
27-->[com.journeyapps:zxing-android-embedded:3.6.0] AndroidManifest.xml:37:9-53
28        android:required="false" />
28-->[com.journeyapps:zxing-android-embedded:3.6.0] AndroidManifest.xml:38:9-33
29    <uses-feature
29-->[com.journeyapps:zxing-android-embedded:3.6.0] AndroidManifest.xml:39:5-41:36
30        android:name="android.hardware.screen.landscape"
30-->[com.journeyapps:zxing-android-embedded:3.6.0] AndroidManifest.xml:40:9-57
31        android:required="false" />
31-->[com.journeyapps:zxing-android-embedded:3.6.0] AndroidManifest.xml:41:9-33
32    <uses-feature
32-->[com.journeyapps:zxing-android-embedded:3.6.0] AndroidManifest.xml:42:5-44:36
33        android:name="android.hardware.wifi"
33-->[com.journeyapps:zxing-android-embedded:3.6.0] AndroidManifest.xml:43:9-45
34        android:required="false" />
34-->[com.journeyapps:zxing-android-embedded:3.6.0] AndroidManifest.xml:44:9-33
35
36    <uses-permission android:name="android.permission.WAKE_LOCK" />
36-->[com.google.android.gms:play-services-measurement-sdk-api:17.2.0] AndroidManifest.xml:25:5-68
36-->[com.google.android.gms:play-services-measurement-sdk-api:17.2.0] AndroidManifest.xml:25:22-65
37
38    <application
38-->src\main\AndroidManifest.xml:11:5-89:19
39        android:name="wasakey.w3apps.com.qrcode.QRCobaApplication"
39-->src\main\AndroidManifest.xml:12:9-67
40        android:allowBackup="false"
40-->src\main\AndroidManifest.xml:13:9-36
41        android:appComponentFactory="androidx.core.app.CoreComponentFactory"
41-->[androidx.core:core:1.3.1] AndroidManifest.xml:24:18-86
42        android:debuggable="true"
43        android:extractNativeLibs="true"
44        android:hardwareAccelerated="true"
44-->src\main\AndroidManifest.xml:14:9-43
45        android:icon="@mipmap/ic_launcher"
45-->src\main\AndroidManifest.xml:15:9-43
46        android:label="@string/app_name"
46-->src\main\AndroidManifest.xml:16:9-41
47        android:roundIcon="@mipmap/ic_launcher_round"
47-->src\main\AndroidManifest.xml:17:9-54
48        android:supportsRtl="true"
48-->src\main\AndroidManifest.xml:18:9-35
49        android:testOnly="true"
50        android:theme="@style/AppTheme"
50-->src\main\AndroidManifest.xml:19:9-40
51        android:usesCleartextTraffic="true" >
51-->src\main\AndroidManifest.xml:20:9-44
52        <meta-data
52-->src\main\AndroidManifest.xml:23:9-25:52
53            android:name="com.google.android.gms.ads.APPLICATION_ID"
53-->src\main\AndroidManifest.xml:24:13-69
54            android:value="@string/admob_app_id" />
54-->src\main\AndroidManifest.xml:25:13-49
55
56        <provider
56-->src\main\AndroidManifest.xml:27:9-35:20
57            android:name="androidx.core.content.FileProvider"
57-->src\main\AndroidManifest.xml:28:13-62
58            android:authorities="@string/file_provider_authority"
58-->src\main\AndroidManifest.xml:29:13-66
59            android:exported="false"
59-->src\main\AndroidManifest.xml:30:13-37
60            android:grantUriPermissions="true" >
60-->src\main\AndroidManifest.xml:31:13-47
61            <meta-data
61-->src\main\AndroidManifest.xml:32:13-34:63
62                android:name="android.support.FILE_PROVIDER_PATHS"
62-->src\main\AndroidManifest.xml:33:17-67
63                android:resource="@xml/file_provider_paths" />
63-->src\main\AndroidManifest.xml:34:17-60
64        </provider>
65
66        <activity
66-->src\main\AndroidManifest.xml:37:9-40:49
67            android:name="com.journeyapps.barcodescanner.CaptureActivity"
67-->src\main\AndroidManifest.xml:38:13-74
68            android:clearTaskOnLaunch="true"
68-->[com.journeyapps:zxing-android-embedded:3.6.0] AndroidManifest.xml:49:13-45
69            android:screenOrientation="fullSensor"
69-->src\main\AndroidManifest.xml:39:13-51
70            android:stateNotNeeded="true"
70-->[com.journeyapps:zxing-android-embedded:3.6.0] AndroidManifest.xml:51:13-42
71            android:theme="@style/zxing_CaptureTheme"
71-->[com.journeyapps:zxing-android-embedded:3.6.0] AndroidManifest.xml:52:13-54
72            android:windowSoftInputMode="stateAlwaysHidden" />
72-->[com.journeyapps:zxing-android-embedded:3.6.0] AndroidManifest.xml:53:13-60
73        <activity
73-->src\main\AndroidManifest.xml:41:9-52:20
74            android:name="wasakey.w3apps.com.qrcode.ui.splash.SplashActivity"
74-->src\main\AndroidManifest.xml:42:13-78
75            android:exported="true"
75-->src\main\AndroidManifest.xml:46:13-36
76            android:launchMode="singleTop"
76-->src\main\AndroidManifest.xml:43:13-43
77            android:screenOrientation="portrait"
77-->src\main\AndroidManifest.xml:44:13-49
78            android:theme="@style/AppTheme.Launcher" >
78-->src\main\AndroidManifest.xml:45:13-53
79            <intent-filter>
79-->src\main\AndroidManifest.xml:47:13-51:29
80                <action android:name="android.intent.action.MAIN" />
80-->src\main\AndroidManifest.xml:48:17-69
80-->src\main\AndroidManifest.xml:48:25-66
81
82                <category android:name="android.intent.category.LAUNCHER" />
82-->src\main\AndroidManifest.xml:50:17-77
82-->src\main\AndroidManifest.xml:50:27-74
83            </intent-filter>
84        </activity>
85        <activity
85-->src\main\AndroidManifest.xml:53:9-57:65
86            android:name="wasakey.w3apps.com.qrcode.ui.home.HomeActivity"
86-->src\main\AndroidManifest.xml:54:13-74
87            android:launchMode="singleTop"
87-->src\main\AndroidManifest.xml:55:13-43
88            android:screenOrientation="portrait"
88-->src\main\AndroidManifest.xml:56:13-49
89            android:theme="@style/AppTheme.GradientStatusBar" />
89-->src\main\AndroidManifest.xml:57:13-62
90        <activity
90-->src\main\AndroidManifest.xml:58:9-62:65
91            android:name="wasakey.w3apps.com.qrcode.ui.settings.SettingsActivity"
91-->src\main\AndroidManifest.xml:59:13-82
92            android:launchMode="singleTop"
92-->src\main\AndroidManifest.xml:60:13-43
93            android:screenOrientation="portrait"
93-->src\main\AndroidManifest.xml:61:13-49
94            android:theme="@style/AppTheme.GradientStatusBar" />
94-->src\main\AndroidManifest.xml:62:13-62
95        <activity
95-->src\main\AndroidManifest.xml:63:9-67:65
96            android:name="wasakey.w3apps.com.qrcode.ui.generatedcode.GeneratedCodeActivity"
96-->src\main\AndroidManifest.xml:64:13-92
97            android:launchMode="singleTop"
97-->src\main\AndroidManifest.xml:65:13-43
98            android:screenOrientation="portrait"
98-->src\main\AndroidManifest.xml:66:13-49
99            android:theme="@style/AppTheme.GradientStatusBar" />
99-->src\main\AndroidManifest.xml:67:13-62
100        <activity
100-->src\main\AndroidManifest.xml:68:9-72:65
101            android:name="wasakey.w3apps.com.qrcode.ui.scanresult.ScanResultActivity"
101-->src\main\AndroidManifest.xml:69:13-86
102            android:launchMode="singleTop"
102-->src\main\AndroidManifest.xml:70:13-43
103            android:screenOrientation="portrait"
103-->src\main\AndroidManifest.xml:71:13-49
104            android:theme="@style/AppTheme.GradientStatusBar" />
104-->src\main\AndroidManifest.xml:72:13-62
105        <activity
105-->src\main\AndroidManifest.xml:73:9-77:65
106            android:name="wasakey.w3apps.com.qrcode.ui.pickedfromgallery.PickedFromGalleryActivity"
106-->src\main\AndroidManifest.xml:74:13-100
107            android:launchMode="singleTop"
107-->src\main\AndroidManifest.xml:75:13-43
108            android:screenOrientation="portrait"
108-->src\main\AndroidManifest.xml:76:13-49
109            android:theme="@style/AppTheme.GradientStatusBar" />
109-->src\main\AndroidManifest.xml:77:13-62
110        <activity
110-->src\main\AndroidManifest.xml:79:9-83:65
111            android:name="wasakey.w3apps.com.qrcode.ui.about_us.AboutUsActivity"
111-->src\main\AndroidManifest.xml:80:13-81
112            android:launchMode="singleTop"
112-->src\main\AndroidManifest.xml:81:13-43
113            android:screenOrientation="portrait"
113-->src\main\AndroidManifest.xml:82:13-49
114            android:theme="@style/AppTheme.GradientStatusBar" />
114-->src\main\AndroidManifest.xml:83:13-62
115        <activity
115-->src\main\AndroidManifest.xml:85:9-88:74
116            android:name="wasakey.w3apps.com.qrcode.ui.privacy_policy.PrivayPolicyActivity"
116-->src\main\AndroidManifest.xml:85:19-98
117            android:launchMode="singleTop"
117-->src\main\AndroidManifest.xml:86:13-43
118            android:screenOrientation="portrait"
118-->src\main\AndroidManifest.xml:87:13-49
119            android:theme="@style/AppTheme.GradientStatusBar" />
119-->src\main\AndroidManifest.xml:88:13-62
120
121        <service
121-->[androidx.room:room-runtime:2.1.0-alpha03] AndroidManifest.xml:23:9-25:40
122            android:name="androidx.room.MultiInstanceInvalidationService"
122-->[androidx.room:room-runtime:2.1.0-alpha03] AndroidManifest.xml:24:13-74
123            android:exported="false" /> <!-- Include the AdActivity and InAppPurchaseActivity configChanges and themes. -->
123-->[androidx.room:room-runtime:2.1.0-alpha03] AndroidManifest.xml:25:13-37
124        <activity
124-->[com.google.android.gms:play-services-ads-lite:19.4.0] AndroidManifest.xml:29:9-33:64
125            android:name="com.google.android.gms.ads.AdActivity"
125-->[com.google.android.gms:play-services-ads-lite:19.4.0] AndroidManifest.xml:30:13-65
126            android:configChanges="keyboard|keyboardHidden|orientation|screenLayout|uiMode|screenSize|smallestScreenSize"
126-->[com.google.android.gms:play-services-ads-lite:19.4.0] AndroidManifest.xml:31:13-122
127            android:exported="false"
127-->[com.google.android.gms:play-services-ads-lite:19.4.0] AndroidManifest.xml:32:13-37
128            android:theme="@android:style/Theme.Translucent" />
128-->[com.google.android.gms:play-services-ads-lite:19.4.0] AndroidManifest.xml:33:13-61
129
130        <provider
130-->[com.google.android.gms:play-services-ads-lite:19.4.0] AndroidManifest.xml:35:9-39:39
131            android:name="com.google.android.gms.ads.MobileAdsInitProvider"
131-->[com.google.android.gms:play-services-ads-lite:19.4.0] AndroidManifest.xml:36:13-76
132            android:authorities="github.w3apps.com.qrcode.mobileadsinitprovider"
132-->[com.google.android.gms:play-services-ads-lite:19.4.0] AndroidManifest.xml:37:13-73
133            android:exported="false"
133-->[com.google.android.gms:play-services-ads-lite:19.4.0] AndroidManifest.xml:38:13-37
134            android:initOrder="100" />
134-->[com.google.android.gms:play-services-ads-lite:19.4.0] AndroidManifest.xml:39:13-36
135
136        <service
136-->[com.google.android.gms:play-services-ads-lite:19.4.0] AndroidManifest.xml:41:9-44:40
137            android:name="com.google.android.gms.ads.AdService"
137-->[com.google.android.gms:play-services-ads-lite:19.4.0] AndroidManifest.xml:42:13-64
138            android:enabled="true"
138-->[com.google.android.gms:play-services-ads-lite:19.4.0] AndroidManifest.xml:43:13-35
139            android:exported="false" />
139-->[com.google.android.gms:play-services-ads-lite:19.4.0] AndroidManifest.xml:44:13-37
140
141        <meta-data
141-->[com.google.android.gms:play-services-basement:17.3.0] AndroidManifest.xml:23:9-25:69
142            android:name="com.google.android.gms.version"
142-->[com.google.android.gms:play-services-basement:17.3.0] AndroidManifest.xml:24:13-58
143            android:value="@integer/google_play_services_version" />
143-->[com.google.android.gms:play-services-basement:17.3.0] AndroidManifest.xml:25:13-66
144
145        <provider
145-->[androidx.profileinstaller:profileinstaller:1.3.0] AndroidManifest.xml:24:9-32:20
146            android:name="androidx.startup.InitializationProvider"
146-->[androidx.profileinstaller:profileinstaller:1.3.0] AndroidManifest.xml:25:13-67
147            android:authorities="github.w3apps.com.qrcode.androidx-startup"
147-->[androidx.profileinstaller:profileinstaller:1.3.0] AndroidManifest.xml:26:13-68
148            android:exported="false" >
148-->[androidx.profileinstaller:profileinstaller:1.3.0] AndroidManifest.xml:27:13-37
149            <meta-data
149-->[androidx.profileinstaller:profileinstaller:1.3.0] AndroidManifest.xml:29:13-31:52
150                android:name="androidx.profileinstaller.ProfileInstallerInitializer"
150-->[androidx.profileinstaller:profileinstaller:1.3.0] AndroidManifest.xml:30:17-85
151                android:value="androidx.startup" />
151-->[androidx.profileinstaller:profileinstaller:1.3.0] AndroidManifest.xml:31:17-49
152        </provider>
153
154        <receiver
154-->[androidx.profileinstaller:profileinstaller:1.3.0] AndroidManifest.xml:34:9-52:20
155            android:name="androidx.profileinstaller.ProfileInstallReceiver"
155-->[androidx.profileinstaller:profileinstaller:1.3.0] AndroidManifest.xml:35:13-76
156            android:directBootAware="false"
156-->[androidx.profileinstaller:profileinstaller:1.3.0] AndroidManifest.xml:36:13-44
157            android:enabled="true"
157-->[androidx.profileinstaller:profileinstaller:1.3.0] AndroidManifest.xml:37:13-35
158            android:exported="true"
158-->[androidx.profileinstaller:profileinstaller:1.3.0] AndroidManifest.xml:38:13-36
159            android:permission="android.permission.DUMP" >
159-->[androidx.profileinstaller:profileinstaller:1.3.0] AndroidManifest.xml:39:13-57
160            <intent-filter>
160-->[androidx.profileinstaller:profileinstaller:1.3.0] AndroidManifest.xml:40:13-42:29
161                <action android:name="androidx.profileinstaller.action.INSTALL_PROFILE" />
161-->[androidx.profileinstaller:profileinstaller:1.3.0] AndroidManifest.xml:41:17-91
161-->[androidx.profileinstaller:profileinstaller:1.3.0] AndroidManifest.xml:41:25-88
162            </intent-filter>
163            <intent-filter>
163-->[androidx.profileinstaller:profileinstaller:1.3.0] AndroidManifest.xml:43:13-45:29
164                <action android:name="androidx.profileinstaller.action.SKIP_FILE" />
164-->[androidx.profileinstaller:profileinstaller:1.3.0] AndroidManifest.xml:44:17-85
164-->[androidx.profileinstaller:profileinstaller:1.3.0] AndroidManifest.xml:44:25-82
165            </intent-filter>
166            <intent-filter>
166-->[androidx.profileinstaller:profileinstaller:1.3.0] AndroidManifest.xml:46:13-48:29
167                <action android:name="androidx.profileinstaller.action.SAVE_PROFILE" />
167-->[androidx.profileinstaller:profileinstaller:1.3.0] AndroidManifest.xml:47:17-88
167-->[androidx.profileinstaller:profileinstaller:1.3.0] AndroidManifest.xml:47:25-85
168            </intent-filter>
169            <intent-filter>
169-->[androidx.profileinstaller:profileinstaller:1.3.0] AndroidManifest.xml:49:13-51:29
170                <action android:name="androidx.profileinstaller.action.BENCHMARK_OPERATION" />
170-->[androidx.profileinstaller:profileinstaller:1.3.0] AndroidManifest.xml:50:17-95
170-->[androidx.profileinstaller:profileinstaller:1.3.0] AndroidManifest.xml:50:25-92
171            </intent-filter>
172        </receiver>
173    </application>
174
175</manifest>